<?xml version="1.0" encoding="UTF-8"?>
<testsuite name="com.tothenew.JPA_Assignment_3.JpaAssignment3ApplicationTests" tests="1" skipped="0" failures="0" errors="0" timestamp="2020-03-20T19:18:15" hostname="kandy" time="0.145">
  <properties/>
  <testcase name="addDetails()" classname="com.tothenew.JPA_Assignment_3.JpaAssignment3ApplicationTests" time="0.145"/>
  <system-out><![CDATA[00:48:11.712 [Test worker] DEBUG org.springframework.test.context.BootstrapUtils - Instantiating CacheAwareContextLoaderDelegate from class [org.springframework.test.context.cache.DefaultCacheAwareContextLoaderDelegate]
00:48:11.724 [Test worker] DEBUG org.springframework.test.context.BootstrapUtils - Instantiating BootstrapContext using constructor [public org.springframework.test.context.support.DefaultBootstrapContext(java.lang.Class,org.springframework.test.context.CacheAwareContextLoaderDelegate)]
00:48:11.746 [Test worker] DEBUG org.springframework.test.context.BootstrapUtils - Instantiating TestContextBootstrapper for test class [com.tothenew.JPA_Assignment_3.JpaAssignment3ApplicationTests] from class [org.springframework.boot.test.context.SpringBootTestContextBootstrapper]
00:48:11.756 [Test worker] INFO org.springframework.boot.test.context.SpringBootTestContextBootstrapper - Neither @ContextConfiguration nor @ContextHierarchy found for test class [com.tothenew.JPA_Assignment_3.JpaAssignment3ApplicationTests], using SpringBootContextLoader
00:48:11.759 [Test worker] DEBUG org.springframework.test.context.support.AbstractContextLoader - Did not detect default resource location for test class [com.tothenew.JPA_Assignment_3.JpaAssignment3ApplicationTests]: class path resource [com/tothenew/JPA_Assignment_3/JpaAssignment3ApplicationTests-context.xml] does not exist
00:48:11.759 [Test worker] DEBUG org.springframework.test.context.support.AbstractContextLoader - Did not detect default resource location for test class [com.tothenew.JPA_Assignment_3.JpaAssignment3ApplicationTests]: class path resource [com/tothenew/JPA_Assignment_3/JpaAssignment3ApplicationTestsContext.groovy] does not exist
00:48:11.759 [Test worker] INFO org.springframework.test.context.support.AbstractContextLoader - Could not detect default resource locations for test class [com.tothenew.JPA_Assignment_3.JpaAssignment3ApplicationTests]: no resource found for suffixes {-context.xml, Context.groovy}.
00:48:11.760 [Test worker] INFO org.springframework.test.context.support.AnnotationConfigContextLoaderUtils - Could not detect default configuration classes for test class [com.tothenew.JPA_Assignment_3.JpaAssignment3ApplicationTests]: JpaAssignment3ApplicationTests does not declare any static, non-private, non-final, nested classes annotated with @Configuration.
00:48:11.781 [Test worker] DEBUG org.springframework.test.context.support.ActiveProfilesUtils - Could not find an 'annotation declaring class' for annotation type [org.springframework.test.context.ActiveProfiles] and class [com.tothenew.JPA_Assignment_3.JpaAssignment3ApplicationTests]
00:48:11.823 [Test worker] DEBUG org.springframework.context.annotation.ClassPathScanningCandidateComponentProvider - Identified candidate component class: file [/home/kandy/IdeaProjects/JPA_Assignment_3/build/classes/java/main/com/tothenew/JPA_Assignment_3/JpaAssignment3Application.class]
00:48:11.824 [Test worker] INFO org.springframework.boot.test.context.SpringBootTestContextBootstrapper - Found @SpringBootConfiguration com.tothenew.JPA_Assignment_3.JpaAssignment3Application for test class com.tothenew.JPA_Assignment_3.JpaAssignment3ApplicationTests
00:48:11.884 [Test worker] DEBUG org.springframework.boot.test.context.SpringBootTestContextBootstrapper - @TestExecutionListeners is not present for class [com.tothenew.JPA_Assignment_3.JpaAssignment3ApplicationTests]: using defaults.
00:48:11.884 [Test worker] INFO org.springframework.boot.test.context.SpringBootTestContextBootstrapper - Loaded default TestExecutionListener class names from location [META-INF/spring.factories]: [org.springframework.boot.test.autoconfigure.restdocs.RestDocsTestExecutionListener, org.springframework.boot.test.autoconfigure.web.client.MockRestServiceServerResetTestExecutionListener, org.springframework.boot.test.autoconfigure.web.servlet.MockMvcPrintOnlyOnFailureTestExecutionListener, org.springframework.boot.test.autoconfigure.web.servlet.WebDriverTestExecutionListener, org.springframework.boot.test.mock.mockito.MockitoTestExecutionListener, org.springframework.boot.test.mock.mockito.ResetMocksTestExecutionListener, org.springframework.test.context.web.ServletTestExecutionListener, org.springframework.test.context.support.DirtiesContextBeforeModesTestExecutionListener, org.springframework.test.context.support.DependencyInjectionTestExecutionListener, org.springframework.test.context.support.DirtiesContextTestExecutionListener, org.springframework.test.context.transaction.TransactionalTestExecutionListener, org.springframework.test.context.jdbc.SqlScriptsTestExecutionListener, org.springframework.test.context.event.EventPublishingTestExecutionListener]
00:48:11.895 [Test worker] INFO org.springframework.boot.test.context.SpringBootTestContextBootstrapper - Using TestExecutionListeners: [org.springframework.test.context.web.ServletTestExecutionListener@29c8da35, org.springframework.test.context.support.DirtiesContextBeforeModesTestExecutionListener@1da9916a, org.springframework.boot.test.mock.mockito.MockitoTestExecutionListener@56b4ea2f, org.springframework.boot.test.autoconfigure.SpringBootDependencyInjectionTestExecutionListener@38fbdffd, org.springframework.test.context.support.DirtiesContextTestExecutionListener@578da3a5, org.springframework.test.context.transaction.TransactionalTestExecutionListener@6fe5aff, org.springframework.test.context.jdbc.SqlScriptsTestExecutionListener@77ea3d9d, org.springframework.test.context.event.EventPublishingTestExecutionListener@118800aa, org.springframework.boot.test.autoconfigure.restdocs.RestDocsTestExecutionListener@2ba219b5, org.springframework.boot.test.autoconfigure.web.client.MockRestServiceServerResetTestExecutionListener@5fff879c, org.springframework.boot.test.autoconfigure.web.servlet.MockMvcPrintOnlyOnFailureTestExecutionListener@79df4f2b, org.springframework.boot.test.autoconfigure.web.servlet.WebDriverTestExecutionListener@28038dea, org.springframework.boot.test.mock.mockito.ResetMocksTestExecutionListener@13d746ee]
00:48:11.897 [Test worker] DEBUG org.springframework.test.context.support.AbstractDirtiesContextTestExecutionListener - Before test class: context [DefaultTestContext@e2677c1 testClass = JpaAssignment3ApplicationTests, testInstance = [null], testMethod = [null], testException = [null], mergedContextConfiguration = [WebMergedContextConfiguration@41a4d108 testClass = JpaAssignment3ApplicationTests, locations = '{}', classes = '{class com.tothenew.JPA_Assignment_3.JpaAssignment3Application}', contextInitializerClasses = '[]', activeProfiles = '{}', propertySourceLocations = '{}', propertySourceProperties = '{org.springframework.boot.test.context.SpringBootTestContextBootstrapper=true}', contextCustomizers = set[org.springframework.boot.test.autoconfigure.properties.PropertyMappingContextCustomizer@0, org.springframework.boot.test.autoconfigure.web.servlet.WebDriverContextCustomizerFactory$Customizer@46877428, org.springframework.boot.test.context.filter.ExcludeFilterContextCustomizer@2ffd41b3, org.springframework.boot.test.json.DuplicateJsonObjectContextCustomizerFactory$DuplicateJsonObjectContextCustomizer@7b93cdd5, org.springframework.boot.test.mock.mockito.MockitoContextCustomizer@0, org.springframework.boot.test.web.client.TestRestTemplateContextCustomizer@63def638], resourceBasePath = 'src/main/webapp', contextLoader = 'org.springframework.boot.test.context.SpringBootContextLoader', parent = [null]], attributes = map['org.springframework.test.context.web.ServletTestExecutionListener.activateListener' -> true]], class annotated with @DirtiesContext [false] with mode [null].
00:48:11.915 [Test worker] DEBUG org.springframework.test.context.support.TestPropertySourceUtils - Adding inlined properties to environment: {spring.jmx.enabled=false, org.springframework.boot.test.context.SpringBootTestContextBootstrapper=true, server.port=-1}

  .   ____          _            __ _ _
 /\\ / ___'_ __ _ _(_)_ __  __ _ \ \ \ \
( ( )\___ | '_ | '_| | '_ \/ _` | \ \ \ \
 \\/  ___)| |_)| | | | | || (_| |  ) ) ) )
  '  |____| .__|_| |_|_| |_\__, | / / / /
 =========|_|==============|___/=/_/_/_/
 :: Spring Boot ::        (v2.2.5.RELEASE)

2020-03-21 00:48:12.130  INFO 29955 --- [    Test worker] c.t.J.JpaAssignment3ApplicationTests     : Starting JpaAssignment3ApplicationTests on kandy with PID 29955 (started by kandy in /home/kandy/IdeaProjects/JPA_Assignment_3)
2020-03-21 00:48:12.131  INFO 29955 --- [    Test worker] c.t.J.JpaAssignment3ApplicationTests     : No active profile set, falling back to default profiles: default
2020-03-21 00:48:12.565  INFO 29955 --- [    Test worker] .s.d.r.c.RepositoryConfigurationDelegate : Multiple Spring Data modules found, entering strict repository configuration mode!
2020-03-21 00:48:12.566  INFO 29955 --- [    Test worker] .s.d.r.c.RepositoryConfigurationDelegate : Bootstrapping Spring Data JDBC repositories in DEFAULT mode.
2020-03-21 00:48:12.596  INFO 29955 --- [    Test worker] .RepositoryConfigurationExtensionSupport : Spring Data JDBC - Could not safely identify store assignment for repository candidate interface com.tothenew.JPA_Assignment_3.Repositories.Repository. If you want this repository to be a JDBC repository, consider annotating your entities with one of these annotations: org.springframework.data.relational.core.mapping.Table.
2020-03-21 00:48:12.596  INFO 29955 --- [    Test worker] .s.d.r.c.RepositoryConfigurationDelegate : Finished Spring Data repository scanning in 25ms. Found 0 JDBC repository interfaces.
2020-03-21 00:48:12.603  INFO 29955 --- [    Test worker] .s.d.r.c.RepositoryConfigurationDelegate : Multiple Spring Data modules found, entering strict repository configuration mode!
2020-03-21 00:48:12.604  INFO 29955 --- [    Test worker] .s.d.r.c.RepositoryConfigurationDelegate : Bootstrapping Spring Data JPA repositories in DEFAULT mode.
2020-03-21 00:48:12.621  INFO 29955 --- [    Test worker] .s.d.r.c.RepositoryConfigurationDelegate : Finished Spring Data repository scanning in 14ms. Found 1 JPA repository interfaces.
2020-03-21 00:48:12.999  INFO 29955 --- [    Test worker] o.hibernate.jpa.internal.util.LogHelper  : HHH000204: Processing PersistenceUnitInfo [name: default]
2020-03-21 00:48:13.042  INFO 29955 --- [    Test worker] org.hibernate.Version                    : HHH000412: Hibernate ORM core version 5.4.12.Final
2020-03-21 00:48:13.127  INFO 29955 --- [    Test worker] o.hibernate.annotations.common.Version   : HCANN000001: Hibernate Commons Annotations {5.1.0.Final}
2020-03-21 00:48:13.212  INFO 29955 --- [    Test worker] com.zaxxer.hikari.HikariDataSource       : HikariPool-1 - Starting...
2020-03-21 00:48:13.536  INFO 29955 --- [    Test worker] com.zaxxer.hikari.HikariDataSource       : HikariPool-1 - Start completed.
2020-03-21 00:48:13.549  INFO 29955 --- [    Test worker] org.hibernate.dialect.Dialect            : HHH000400: Using dialect: org.hibernate.dialect.MySQL5InnoDBDialect
Hibernate: create table auhtor_book (author_id integer not null, book_id integer not null) engine=InnoDB
Hibernate: create table author (id integer not null, location varchar(255), state varchar(255), street_number integer, name varchar(255), primary key (id)) engine=InnoDB
Hibernate: create table author_subjects (author_id integer not null, subjects varchar(255)) engine=InnoDB
Hibernate: create table book (id integer not null auto_increment, bookname varchar(255), primary key (id)) engine=InnoDB
Hibernate: create table hibernate_sequence (next_val bigint) engine=InnoDB
Hibernate: insert into hibernate_sequence values ( 1 )
Hibernate: alter table auhtor_book add constraint FKt7o13r633lcvdvmngt0yo9tc7 foreign key (book_id) references book (id)
Hibernate: alter table auhtor_book add constraint FK7w3blg8attq2jqwd84uhfsyl8 foreign key (author_id) references author (id)
Hibernate: alter table author_subjects add constraint FKdhdof1ym00oxrhcna2fvd7foq foreign key (author_id) references author (id)
2020-03-21 00:48:14.383  INFO 29955 --- [    Test worker] o.h.e.t.j.p.i.JtaPlatformInitiator       : HHH000490: Using JtaPlatform implementation: [org.hibernate.engine.transaction.jta.platform.internal.NoJtaPlatform]
2020-03-21 00:48:14.401  INFO 29955 --- [    Test worker] j.LocalContainerEntityManagerFactoryBean : Initialized JPA EntityManagerFactory for persistence unit 'default'
2020-03-21 00:48:14.563  WARN 29955 --- [    Test worker] JpaBaseConfiguration$JpaWebConfiguration : spring.jpa.open-in-view is enabled by default. Therefore, database queries may be performed during view rendering. Explicitly configure spring.jpa.open-in-view to disable this warning
2020-03-21 00:48:14.846  INFO 29955 --- [    Test worker] o.s.s.concurrent.ThreadPoolTaskExecutor  : Initializing ExecutorService 'applicationTaskExecutor'
2020-03-21 00:48:15.114  INFO 29955 --- [    Test worker] c.t.J.JpaAssignment3ApplicationTests     : Started JpaAssignment3ApplicationTests in 3.193 seconds (JVM running for 3.964)
Hibernate: select next_val as id_val from hibernate_sequence for update
Hibernate: update hibernate_sequence set next_val= ? where next_val=?
Hibernate: insert into author (location, state, street_number, name, id) values (?, ?, ?, ?, ?)
Hibernate: insert into book (bookname) values (?)
Hibernate: insert into book (bookname) values (?)
Hibernate: insert into auhtor_book (author_id, book_id) values (?, ?)
Hibernate: insert into auhtor_book (author_id, book_id) values (?, ?)
Hibernate: insert into author_subjects (author_id, subjects) values (?, ?)
Hibernate: insert into author_subjects (author_id, subjects) values (?, ?)
Hibernate: insert into author_subjects (author_id, subjects) values (?, ?)
]]></system-out>
  <system-err><![CDATA[]]></system-err>
</testsuite>
