<?xml version="1.0" encoding="UTF-8"?>
<testsuite name="com.tothenew.RESTful_A2.ResTfulA2ApplicationTests" tests="1" skipped="0" failures="0" errors="0" timestamp="2020-03-11T11:09:19" hostname="kandy" time="0.475">
  <properties/>
  <testcase name="contextLoads()" classname="com.tothenew.RESTful_A2.ResTfulA2ApplicationTests" time="0.475"/>
  <system-out><![CDATA[16:39:17.810 [Test worker] DEBUG org.springframework.test.context.BootstrapUtils - Instantiating CacheAwareContextLoaderDelegate from class [org.springframework.test.context.cache.DefaultCacheAwareContextLoaderDelegate]
16:39:17.821 [Test worker] DEBUG org.springframework.test.context.BootstrapUtils - Instantiating BootstrapContext using constructor [public org.springframework.test.context.support.DefaultBootstrapContext(java.lang.Class,org.springframework.test.context.CacheAwareContextLoaderDelegate)]
16:39:17.841 [Test worker] DEBUG org.springframework.test.context.BootstrapUtils - Instantiating TestContextBootstrapper for test class [com.tothenew.RESTful_A2.ResTfulA2ApplicationTests] from class [org.springframework.boot.test.context.SpringBootTestContextBootstrapper]
16:39:17.854 [Test worker] INFO org.springframework.boot.test.context.SpringBootTestContextBootstrapper - Neither @ContextConfiguration nor @ContextHierarchy found for test class [com.tothenew.RESTful_A2.ResTfulA2ApplicationTests], using SpringBootContextLoader
16:39:17.858 [Test worker] DEBUG org.springframework.test.context.support.AbstractContextLoader - Did not detect default resource location for test class [com.tothenew.RESTful_A2.ResTfulA2ApplicationTests]: class path resource [com/tothenew/RESTful_A2/ResTfulA2ApplicationTests-context.xml] does not exist
16:39:17.859 [Test worker] DEBUG org.springframework.test.context.support.AbstractContextLoader - Did not detect default resource location for test class [com.tothenew.RESTful_A2.ResTfulA2ApplicationTests]: class path resource [com/tothenew/RESTful_A2/ResTfulA2ApplicationTestsContext.groovy] does not exist
16:39:17.859 [Test worker] INFO org.springframework.test.context.support.AbstractContextLoader - Could not detect default resource locations for test class [com.tothenew.RESTful_A2.ResTfulA2ApplicationTests]: no resource found for suffixes {-context.xml, Context.groovy}.
16:39:17.860 [Test worker] INFO org.springframework.test.context.support.AnnotationConfigContextLoaderUtils - Could not detect default configuration classes for test class [com.tothenew.RESTful_A2.ResTfulA2ApplicationTests]: ResTfulA2ApplicationTests does not declare any static, non-private, non-final, nested classes annotated with @Configuration.
16:39:17.899 [Test worker] DEBUG org.springframework.test.context.support.ActiveProfilesUtils - Could not find an 'annotation declaring class' for annotation type [org.springframework.test.context.ActiveProfiles] and class [com.tothenew.RESTful_A2.ResTfulA2ApplicationTests]
16:39:17.946 [Test worker] DEBUG org.springframework.context.annotation.ClassPathScanningCandidateComponentProvider - Identified candidate component class: file [/home/kandy/IdeaProjects/RESTful_A2/build/classes/java/main/com/tothenew/RESTful_A2/ResTfulA2Application.class]
16:39:17.946 [Test worker] INFO org.springframework.boot.test.context.SpringBootTestContextBootstrapper - Found @SpringBootConfiguration com.tothenew.RESTful_A2.ResTfulA2Application for test class com.tothenew.RESTful_A2.ResTfulA2ApplicationTests
16:39:18.026 [Test worker] DEBUG org.springframework.boot.test.context.SpringBootTestContextBootstrapper - @TestExecutionListeners is not present for class [com.tothenew.RESTful_A2.ResTfulA2ApplicationTests]: using defaults.
16:39:18.027 [Test worker] INFO org.springframework.boot.test.context.SpringBootTestContextBootstrapper - Loaded default TestExecutionListener class names from location [META-INF/spring.factories]: [org.springframework.boot.test.autoconfigure.restdocs.RestDocsTestExecutionListener, org.springframework.boot.test.autoconfigure.web.client.MockRestServiceServerResetTestExecutionListener, org.springframework.boot.test.autoconfigure.web.servlet.MockMvcPrintOnlyOnFailureTestExecutionListener, org.springframework.boot.test.autoconfigure.web.servlet.WebDriverTestExecutionListener, org.springframework.boot.test.mock.mockito.MockitoTestExecutionListener, org.springframework.boot.test.mock.mockito.ResetMocksTestExecutionListener, org.springframework.test.context.web.ServletTestExecutionListener, org.springframework.test.context.support.DirtiesContextBeforeModesTestExecutionListener, org.springframework.test.context.support.DependencyInjectionTestExecutionListener, org.springframework.test.context.support.DirtiesContextTestExecutionListener, org.springframework.test.context.transaction.TransactionalTestExecutionListener, org.springframework.test.context.jdbc.SqlScriptsTestExecutionListener, org.springframework.test.context.event.EventPublishingTestExecutionListener]
16:39:18.033 [Test worker] DEBUG org.springframework.boot.test.context.SpringBootTestContextBootstrapper - Skipping candidate TestExecutionListener [org.springframework.test.context.transaction.TransactionalTestExecutionListener] due to a missing dependency. Specify custom listener classes or make the default listener classes and their required dependencies available. Offending class: [org/springframework/transaction/TransactionDefinition]
16:39:18.034 [Test worker] DEBUG org.springframework.boot.test.context.SpringBootTestContextBootstrapper - Skipping candidate TestExecutionListener [org.springframework.test.context.jdbc.SqlScriptsTestExecutionListener] due to a missing dependency. Specify custom listener classes or make the default listener classes and their required dependencies available. Offending class: [org/springframework/transaction/interceptor/TransactionAttribute]
16:39:18.034 [Test worker] INFO org.springframework.boot.test.context.SpringBootTestContextBootstrapper - Using TestExecutionListeners: [org.springframework.test.context.web.ServletTestExecutionListener@5d2d390d, org.springframework.test.context.support.DirtiesContextBeforeModesTestExecutionListener@69542084, org.springframework.boot.test.mock.mockito.MockitoTestExecutionListener@4541cff4, org.springframework.boot.test.autoconfigure.SpringBootDependencyInjectionTestExecutionListener@77edd134, org.springframework.test.context.support.DirtiesContextTestExecutionListener@43bc6b95, org.springframework.test.context.event.EventPublishingTestExecutionListener@b242366, org.springframework.boot.test.autoconfigure.restdocs.RestDocsTestExecutionListener@40517399, org.springframework.boot.test.autoconfigure.web.client.MockRestServiceServerResetTestExecutionListener@592c6ed6, org.springframework.boot.test.autoconfigure.web.servlet.MockMvcPrintOnlyOnFailureTestExecutionListener@79ec46a5, org.springframework.boot.test.autoconfigure.web.servlet.WebDriverTestExecutionListener@53f965ed, org.springframework.boot.test.mock.mockito.ResetMocksTestExecutionListener@18ff19b0]
16:39:18.037 [Test worker] DEBUG org.springframework.test.context.support.AbstractDirtiesContextTestExecutionListener - Before test class: context [DefaultTestContext@3d1e3741 testClass = ResTfulA2ApplicationTests, testInstance = [null], testMethod = [null], testException = [null], mergedContextConfiguration = [WebMergedContextConfiguration@5a314ada testClass = ResTfulA2ApplicationTests, locations = '{}', classes = '{class com.tothenew.RESTful_A2.ResTfulA2Application}', contextInitializerClasses = '[]', activeProfiles = '{}', propertySourceLocations = '{}', propertySourceProperties = '{org.springframework.boot.test.context.SpringBootTestContextBootstrapper=true}', contextCustomizers = set[org.springframework.boot.test.autoconfigure.properties.PropertyMappingContextCustomizer@0, org.springframework.boot.test.autoconfigure.web.servlet.WebDriverContextCustomizerFactory$Customizer@135064b0, org.springframework.boot.test.context.filter.ExcludeFilterContextCustomizer@64687a9f, org.springframework.boot.test.json.DuplicateJsonObjectContextCustomizerFactory$DuplicateJsonObjectContextCustomizer@a53b913, org.springframework.boot.test.mock.mockito.MockitoContextCustomizer@0, org.springframework.boot.test.web.client.TestRestTemplateContextCustomizer@7ed09aac], resourceBasePath = 'src/main/webapp', contextLoader = 'org.springframework.boot.test.context.SpringBootContextLoader', parent = [null]], attributes = map['org.springframework.test.context.web.ServletTestExecutionListener.activateListener' -> true]], class annotated with @DirtiesContext [false] with mode [null].
16:39:18.055 [Test worker] DEBUG org.springframework.test.context.support.TestPropertySourceUtils - Adding inlined properties to environment: {spring.jmx.enabled=false, org.springframework.boot.test.context.SpringBootTestContextBootstrapper=true, server.port=-1}

  .   ____          _            __ _ _
 /\\ / ___'_ __ _ _(_)_ __  __ _ \ \ \ \
( ( )\___ | '_ | '_| | '_ \/ _` | \ \ \ \
 \\/  ___)| |_)| | | | | || (_| |  ) ) ) )
  '  |____| .__|_| |_|_| |_\__, | / / / /
 =========|_|==============|___/=/_/_/_/
 :: Spring Boot ::        (v2.2.5.RELEASE)

2020-03-11 16:39:18.232  INFO 2649 --- [    Test worker] c.t.R.ResTfulA2ApplicationTests          : Starting ResTfulA2ApplicationTests on kandy with PID 2649 (started by kandy in /home/kandy/IdeaProjects/RESTful_A2)
2020-03-11 16:39:18.233  INFO 2649 --- [    Test worker] c.t.R.ResTfulA2ApplicationTests          : No active profile set, falling back to default profiles: default
2020-03-11 16:39:19.352  INFO 2649 --- [    Test worker] o.s.s.concurrent.ThreadPoolTaskExecutor  : Initializing ExecutorService 'applicationTaskExecutor'
2020-03-11 16:39:19.602  INFO 2649 --- [    Test worker] c.t.R.ResTfulA2ApplicationTests          : Started ResTfulA2ApplicationTests in 1.54 seconds (JVM running for 2.547)
]]></system-out>
  <system-err><![CDATA[]]></system-err>
</testsuite>
