<?xml version="1.0" encoding="UTF-8"?>
<testsuite name="com.RESTAssignment1.RESTful_A1.ResTfulA1ApplicationTests" tests="1" skipped="0" failures="0" errors="0" timestamp="2020-03-08T19:37:28" hostname="kandy" time="0.144">
  <properties/>
  <testcase name="contextLoads()" classname="com.RESTAssignment1.RESTful_A1.ResTfulA1ApplicationTests" time="0.144"/>
  <system-out><![CDATA[01:07:26.786 [Test worker] DEBUG org.springframework.test.context.BootstrapUtils - Instantiating CacheAwareContextLoaderDelegate from class [org.springframework.test.context.cache.DefaultCacheAwareContextLoaderDelegate]
01:07:26.795 [Test worker] DEBUG org.springframework.test.context.BootstrapUtils - Instantiating BootstrapContext using constructor [public org.springframework.test.context.support.DefaultBootstrapContext(java.lang.Class,org.springframework.test.context.CacheAwareContextLoaderDelegate)]
01:07:26.816 [Test worker] DEBUG org.springframework.test.context.BootstrapUtils - Instantiating TestContextBootstrapper for test class [com.RESTAssignment1.RESTful_A1.ResTfulA1ApplicationTests] from class [org.springframework.boot.test.context.SpringBootTestContextBootstrapper]
01:07:26.827 [Test worker] INFO org.springframework.boot.test.context.SpringBootTestContextBootstrapper - Neither @ContextConfiguration nor @ContextHierarchy found for test class [com.RESTAssignment1.RESTful_A1.ResTfulA1ApplicationTests], using SpringBootContextLoader
01:07:26.829 [Test worker] DEBUG org.springframework.test.context.support.AbstractContextLoader - Did not detect default resource location for test class [com.RESTAssignment1.RESTful_A1.ResTfulA1ApplicationTests]: class path resource [com/RESTAssignment1/RESTful_A1/ResTfulA1ApplicationTests-context.xml] does not exist
01:07:26.830 [Test worker] DEBUG org.springframework.test.context.support.AbstractContextLoader - Did not detect default resource location for test class [com.RESTAssignment1.RESTful_A1.ResTfulA1ApplicationTests]: class path resource [com/RESTAssignment1/RESTful_A1/ResTfulA1ApplicationTestsContext.groovy] does not exist
01:07:26.830 [Test worker] INFO org.springframework.test.context.support.AbstractContextLoader - Could not detect default resource locations for test class [com.RESTAssignment1.RESTful_A1.ResTfulA1ApplicationTests]: no resource found for suffixes {-context.xml, Context.groovy}.
01:07:26.830 [Test worker] INFO org.springframework.test.context.support.AnnotationConfigContextLoaderUtils - Could not detect default configuration classes for test class [com.RESTAssignment1.RESTful_A1.ResTfulA1ApplicationTests]: ResTfulA1ApplicationTests does not declare any static, non-private, non-final, nested classes annotated with @Configuration.
01:07:26.856 [Test worker] DEBUG org.springframework.test.context.support.ActiveProfilesUtils - Could not find an 'annotation declaring class' for annotation type [org.springframework.test.context.ActiveProfiles] and class [com.RESTAssignment1.RESTful_A1.ResTfulA1ApplicationTests]
01:07:26.902 [Test worker] DEBUG org.springframework.context.annotation.ClassPathScanningCandidateComponentProvider - Identified candidate component class: file [/home/kandy/IdeaProjects/RESTful_A1/build/classes/java/main/com/RESTAssignment1/RESTful_A1/ResTfulA1Application.class]
01:07:26.903 [Test worker] INFO org.springframework.boot.test.context.SpringBootTestContextBootstrapper - Found @SpringBootConfiguration com.RESTAssignment1.RESTful_A1.ResTfulA1Application for test class com.RESTAssignment1.RESTful_A1.ResTfulA1ApplicationTests
01:07:26.985 [Test worker] DEBUG org.springframework.boot.test.context.SpringBootTestContextBootstrapper - @TestExecutionListeners is not present for class [com.RESTAssignment1.RESTful_A1.ResTfulA1ApplicationTests]: using defaults.
01:07:26.986 [Test worker] INFO org.springframework.boot.test.context.SpringBootTestContextBootstrapper - Loaded default TestExecutionListener class names from location [META-INF/spring.factories]: [org.springframework.boot.test.autoconfigure.restdocs.RestDocsTestExecutionListener, org.springframework.boot.test.autoconfigure.web.client.MockRestServiceServerResetTestExecutionListener, org.springframework.boot.test.autoconfigure.web.servlet.MockMvcPrintOnlyOnFailureTestExecutionListener, org.springframework.boot.test.autoconfigure.web.servlet.WebDriverTestExecutionListener, org.springframework.boot.test.mock.mockito.MockitoTestExecutionListener, org.springframework.boot.test.mock.mockito.ResetMocksTestExecutionListener, org.springframework.test.context.web.ServletTestExecutionListener, org.springframework.test.context.support.DirtiesContextBeforeModesTestExecutionListener, org.springframework.test.context.support.DependencyInjectionTestExecutionListener, org.springframework.test.context.support.DirtiesContextTestExecutionListener, org.springframework.test.context.transaction.TransactionalTestExecutionListener, org.springframework.test.context.jdbc.SqlScriptsTestExecutionListener, org.springframework.test.context.event.EventPublishingTestExecutionListener]
01:07:26.992 [Test worker] DEBUG org.springframework.boot.test.context.SpringBootTestContextBootstrapper - Skipping candidate TestExecutionListener [org.springframework.test.context.transaction.TransactionalTestExecutionListener] due to a missing dependency. Specify custom listener classes or make the default listener classes and their required dependencies available. Offending class: [org/springframework/transaction/TransactionDefinition]
01:07:26.993 [Test worker] DEBUG org.springframework.boot.test.context.SpringBootTestContextBootstrapper - Skipping candidate TestExecutionListener [org.springframework.test.context.jdbc.SqlScriptsTestExecutionListener] due to a missing dependency. Specify custom listener classes or make the default listener classes and their required dependencies available. Offending class: [org/springframework/transaction/interceptor/TransactionAttribute]
01:07:26.993 [Test worker] INFO org.springframework.boot.test.context.SpringBootTestContextBootstrapper - Using TestExecutionListeners: [org.springframework.test.context.web.ServletTestExecutionListener@37dfa2f8, org.springframework.test.context.support.DirtiesContextBeforeModesTestExecutionListener@a8c795e, org.springframework.boot.test.mock.mockito.MockitoTestExecutionListener@69892fdb, org.springframework.boot.test.autoconfigure.SpringBootDependencyInjectionTestExecutionListener@1dfabee, org.springframework.test.context.support.DirtiesContextTestExecutionListener@4bdd014f, org.springframework.test.context.event.EventPublishingTestExecutionListener@2272d7e3, org.springframework.boot.test.autoconfigure.restdocs.RestDocsTestExecutionListener@2a5d381, org.springframework.boot.test.autoconfigure.web.client.MockRestServiceServerResetTestExecutionListener@7ed988e0, org.springframework.boot.test.autoconfigure.web.servlet.MockMvcPrintOnlyOnFailureTestExecutionListener@5d2d390d, org.springframework.boot.test.autoconfigure.web.servlet.WebDriverTestExecutionListener@69542084, org.springframework.boot.test.mock.mockito.ResetMocksTestExecutionListener@4541cff4]
01:07:26.996 [Test worker] DEBUG org.springframework.test.context.support.AbstractDirtiesContextTestExecutionListener - Before test class: context [DefaultTestContext@4d4d125e testClass = ResTfulA1ApplicationTests, testInstance = [null], testMethod = [null], testException = [null], mergedContextConfiguration = [WebMergedContextConfiguration@21765866 testClass = ResTfulA1ApplicationTests, locations = '{}', classes = '{class com.RESTAssignment1.RESTful_A1.ResTfulA1Application}', contextInitializerClasses = '[]', activeProfiles = '{}', propertySourceLocations = '{}', propertySourceProperties = '{org.springframework.boot.test.context.SpringBootTestContextBootstrapper=true}', contextCustomizers = set[org.springframework.boot.test.autoconfigure.properties.PropertyMappingContextCustomizer@0, org.springframework.boot.test.autoconfigure.web.servlet.WebDriverContextCustomizerFactory$Customizer@135064b0, org.springframework.boot.test.context.filter.ExcludeFilterContextCustomizer@64687a9f, org.springframework.boot.test.json.DuplicateJsonObjectContextCustomizerFactory$DuplicateJsonObjectContextCustomizer@a53b913, org.springframework.boot.test.mock.mockito.MockitoContextCustomizer@0, org.springframework.boot.test.web.client.TestRestTemplateContextCustomizer@7ed09aac], resourceBasePath = 'src/main/webapp', contextLoader = 'org.springframework.boot.test.context.SpringBootContextLoader', parent = [null]], attributes = map['org.springframework.test.context.web.ServletTestExecutionListener.activateListener' -> true]], class annotated with @DirtiesContext [false] with mode [null].
01:07:27.015 [Test worker] DEBUG org.springframework.test.context.support.TestPropertySourceUtils - Adding inlined properties to environment: {spring.jmx.enabled=false, org.springframework.boot.test.context.SpringBootTestContextBootstrapper=true, server.port=-1}

  .   ____          _            __ _ _
 /\\ / ___'_ __ _ _(_)_ __  __ _ \ \ \ \
( ( )\___ | '_ | '_| | '_ \/ _` | \ \ \ \
 \\/  ___)| |_)| | | | | || (_| |  ) ) ) )
  '  |____| .__|_| |_|_| |_\__, | / / / /
 =========|_|==============|___/=/_/_/_/
 :: Spring Boot ::        (v2.2.5.RELEASE)

2020-03-09 01:07:27.179  INFO 18415 --- [    Test worker] c.R.R.ResTfulA1ApplicationTests          : Starting ResTfulA1ApplicationTests on kandy with PID 18415 (started by kandy in /home/kandy/IdeaProjects/RESTful_A1)
2020-03-09 01:07:27.180  INFO 18415 --- [    Test worker] c.R.R.ResTfulA1ApplicationTests          : No active profile set, falling back to default profiles: default
2020-03-09 01:07:28.381  INFO 18415 --- [    Test worker] o.s.s.concurrent.ThreadPoolTaskExecutor  : Initializing ExecutorService 'applicationTaskExecutor'
2020-03-09 01:07:28.780  INFO 18415 --- [    Test worker] o.s.b.a.e.web.EndpointLinksResolver      : Exposing 2 endpoint(s) beneath base path '/actuator'
2020-03-09 01:07:28.828  INFO 18415 --- [    Test worker] c.R.R.ResTfulA1ApplicationTests          : Started ResTfulA1ApplicationTests in 1.807 seconds (JVM running for 2.562)
]]></system-out>
  <system-err><![CDATA[]]></system-err>
</testsuite>
