<?xml version="1.0" encoding="UTF-8"?>
<testsuite name="com.tothenew.JPA_Assignment_1.JpaAssignment1ApplicationTests" tests="1" skipped="0" failures="0" errors="0" timestamp="2020-03-12T17:06:27" hostname="kandy" time="0.286">
  <properties/>
  <testcase name="testPageableAndSorting()" classname="com.tothenew.JPA_Assignment_1.JpaAssignment1ApplicationTests" time="0.286"/>
  <system-out><![CDATA[22:36:23.667 [Test worker] DEBUG org.springframework.test.context.BootstrapUtils - Instantiating CacheAwareContextLoaderDelegate from class [org.springframework.test.context.cache.DefaultCacheAwareContextLoaderDelegate]
22:36:23.677 [Test worker] DEBUG org.springframework.test.context.BootstrapUtils - Instantiating BootstrapContext using constructor [public org.springframework.test.context.support.DefaultBootstrapContext(java.lang.Class,org.springframework.test.context.CacheAwareContextLoaderDelegate)]
22:36:23.696 [Test worker] DEBUG org.springframework.test.context.BootstrapUtils - Instantiating TestContextBootstrapper for test class [com.tothenew.JPA_Assignment_1.JpaAssignment1ApplicationTests] from class [org.springframework.boot.test.context.SpringBootTestContextBootstrapper]
22:36:23.706 [Test worker] INFO org.springframework.boot.test.context.SpringBootTestContextBootstrapper - Neither @ContextConfiguration nor @ContextHierarchy found for test class [com.tothenew.JPA_Assignment_1.JpaAssignment1ApplicationTests], using SpringBootContextLoader
22:36:23.709 [Test worker] DEBUG org.springframework.test.context.support.AbstractContextLoader - Did not detect default resource location for test class [com.tothenew.JPA_Assignment_1.JpaAssignment1ApplicationTests]: class path resource [com/tothenew/JPA_Assignment_1/JpaAssignment1ApplicationTests-context.xml] does not exist
22:36:23.710 [Test worker] DEBUG org.springframework.test.context.support.AbstractContextLoader - Did not detect default resource location for test class [com.tothenew.JPA_Assignment_1.JpaAssignment1ApplicationTests]: class path resource [com/tothenew/JPA_Assignment_1/JpaAssignment1ApplicationTestsContext.groovy] does not exist
22:36:23.710 [Test worker] INFO org.springframework.test.context.support.AbstractContextLoader - Could not detect default resource locations for test class [com.tothenew.JPA_Assignment_1.JpaAssignment1ApplicationTests]: no resource found for suffixes {-context.xml, Context.groovy}.
22:36:23.711 [Test worker] INFO org.springframework.test.context.support.AnnotationConfigContextLoaderUtils - Could not detect default configuration classes for test class [com.tothenew.JPA_Assignment_1.JpaAssignment1ApplicationTests]: JpaAssignment1ApplicationTests does not declare any static, non-private, non-final, nested classes annotated with @Configuration.
22:36:23.736 [Test worker] DEBUG org.springframework.test.context.support.ActiveProfilesUtils - Could not find an 'annotation declaring class' for annotation type [org.springframework.test.context.ActiveProfiles] and class [com.tothenew.JPA_Assignment_1.JpaAssignment1ApplicationTests]
22:36:23.779 [Test worker] DEBUG org.springframework.context.annotation.ClassPathScanningCandidateComponentProvider - Identified candidate component class: file [/home/kandy/IdeaProjects/JPA_Assignment_1/build/classes/java/main/com/tothenew/JPA_Assignment_1/JpaAssignment1Application.class]
22:36:23.779 [Test worker] INFO org.springframework.boot.test.context.SpringBootTestContextBootstrapper - Found @SpringBootConfiguration com.tothenew.JPA_Assignment_1.JpaAssignment1Application for test class com.tothenew.JPA_Assignment_1.JpaAssignment1ApplicationTests
22:36:23.844 [Test worker] DEBUG org.springframework.boot.test.context.SpringBootTestContextBootstrapper - @TestExecutionListeners is not present for class [com.tothenew.JPA_Assignment_1.JpaAssignment1ApplicationTests]: using defaults.
22:36:23.845 [Test worker] INFO org.springframework.boot.test.context.SpringBootTestContextBootstrapper - Loaded default TestExecutionListener class names from location [META-INF/spring.factories]: [org.springframework.boot.test.autoconfigure.restdocs.RestDocsTestExecutionListener, org.springframework.boot.test.autoconfigure.web.client.MockRestServiceServerResetTestExecutionListener, org.springframework.boot.test.autoconfigure.web.servlet.MockMvcPrintOnlyOnFailureTestExecutionListener, org.springframework.boot.test.autoconfigure.web.servlet.WebDriverTestExecutionListener, org.springframework.boot.test.mock.mockito.MockitoTestExecutionListener, org.springframework.boot.test.mock.mockito.ResetMocksTestExecutionListener, org.springframework.test.context.web.ServletTestExecutionListener, org.springframework.test.context.support.DirtiesContextBeforeModesTestExecutionListener, org.springframework.test.context.support.DependencyInjectionTestExecutionListener, org.springframework.test.context.support.DirtiesContextTestExecutionListener, org.springframework.test.context.transaction.TransactionalTestExecutionListener, org.springframework.test.context.jdbc.SqlScriptsTestExecutionListener, org.springframework.test.context.event.EventPublishingTestExecutionListener]
22:36:23.855 [Test worker] INFO org.springframework.boot.test.context.SpringBootTestContextBootstrapper - Using TestExecutionListeners: [org.springframework.test.context.web.ServletTestExecutionListener@70277476, org.springframework.test.context.support.DirtiesContextBeforeModesTestExecutionListener@71c91307, org.springframework.boot.test.mock.mockito.MockitoTestExecutionListener@11a262dc, org.springframework.boot.test.autoconfigure.SpringBootDependencyInjectionTestExecutionListener@56096bed, org.springframework.test.context.support.DirtiesContextTestExecutionListener@1dc6219e, org.springframework.test.context.transaction.TransactionalTestExecutionListener@24ae580a, org.springframework.test.context.jdbc.SqlScriptsTestExecutionListener@26986ac1, org.springframework.test.context.event.EventPublishingTestExecutionListener@3bd32bfc, org.springframework.boot.test.autoconfigure.restdocs.RestDocsTestExecutionListener@173527c9, org.springframework.boot.test.autoconfigure.web.client.MockRestServiceServerResetTestExecutionListener@410d532d, org.springframework.boot.test.autoconfigure.web.servlet.MockMvcPrintOnlyOnFailureTestExecutionListener@24a6e7af, org.springframework.boot.test.autoconfigure.web.servlet.WebDriverTestExecutionListener@608b40c, org.springframework.boot.test.mock.mockito.ResetMocksTestExecutionListener@383dc06b]
22:36:23.858 [Test worker] DEBUG org.springframework.test.context.support.AbstractDirtiesContextTestExecutionListener - Before test class: context [DefaultTestContext@4dcfbe0d testClass = JpaAssignment1ApplicationTests, testInstance = [null], testMethod = [null], testException = [null], mergedContextConfiguration = [WebMergedContextConfiguration@28917132 testClass = JpaAssignment1ApplicationTests, locations = '{}', classes = '{class com.tothenew.JPA_Assignment_1.JpaAssignment1Application}', contextInitializerClasses = '[]', activeProfiles = '{}', propertySourceLocations = '{}', propertySourceProperties = '{org.springframework.boot.test.context.SpringBootTestContextBootstrapper=true}', contextCustomizers = set[org.springframework.boot.test.autoconfigure.properties.PropertyMappingContextCustomizer@0, org.springframework.boot.test.autoconfigure.web.servlet.WebDriverContextCustomizerFactory$Customizer@61209ee, org.springframework.boot.test.context.filter.ExcludeFilterContextCustomizer@126635fd, org.springframework.boot.test.json.DuplicateJsonObjectContextCustomizerFactory$DuplicateJsonObjectContextCustomizer@5bc4073c, org.springframework.boot.test.mock.mockito.MockitoContextCustomizer@0, org.springframework.boot.test.web.client.TestRestTemplateContextCustomizer@61dcba2b], resourceBasePath = 'src/main/webapp', contextLoader = 'org.springframework.boot.test.context.SpringBootContextLoader', parent = [null]], attributes = map['org.springframework.test.context.web.ServletTestExecutionListener.activateListener' -> true]], class annotated with @DirtiesContext [false] with mode [null].
22:36:23.877 [Test worker] DEBUG org.springframework.test.context.support.TestPropertySourceUtils - Adding inlined properties to environment: {spring.jmx.enabled=false, org.springframework.boot.test.context.SpringBootTestContextBootstrapper=true, server.port=-1}

  .   ____          _            __ _ _
 /\\ / ___'_ __ _ _(_)_ __  __ _ \ \ \ \
( ( )\___ | '_ | '_| | '_ \/ _` | \ \ \ \
 \\/  ___)| |_)| | | | | || (_| |  ) ) ) )
  '  |____| .__|_| |_|_| |_\__, | / / / /
 =========|_|==============|___/=/_/_/_/
 :: Spring Boot ::        (v2.2.5.RELEASE)

2020-03-12 22:36:24.106  INFO 3362 --- [    Test worker] c.t.J.JpaAssignment1ApplicationTests     : Starting JpaAssignment1ApplicationTests on kandy with PID 3362 (started by kandy in /home/kandy/IdeaProjects/JPA_Assignment_1)
2020-03-12 22:36:24.108  INFO 3362 --- [    Test worker] c.t.J.JpaAssignment1ApplicationTests     : No active profile set, falling back to default profiles: default
2020-03-12 22:36:24.675  INFO 3362 --- [    Test worker] .s.d.r.c.RepositoryConfigurationDelegate : Multiple Spring Data modules found, entering strict repository configuration mode!
2020-03-12 22:36:24.676  INFO 3362 --- [    Test worker] .s.d.r.c.RepositoryConfigurationDelegate : Bootstrapping Spring Data JDBC repositories in DEFAULT mode.
2020-03-12 22:36:24.708  INFO 3362 --- [    Test worker] .RepositoryConfigurationExtensionSupport : Spring Data JDBC - Could not safely identify store assignment for repository candidate interface com.tothenew.JPA_Assignment_1.Repositories.JpaRepository. If you want this repository to be a JDBC repository, consider annotating your entities with one of these annotations: org.springframework.data.relational.core.mapping.Table.
2020-03-12 22:36:24.709  INFO 3362 --- [    Test worker] .RepositoryConfigurationExtensionSupport : Spring Data JDBC - Could not safely identify store assignment for repository candidate interface com.tothenew.JPA_Assignment_1.Repositories.PagingRepository. If you want this repository to be a JDBC repository, consider annotating your entities with one of these annotations: org.springframework.data.relational.core.mapping.Table.
2020-03-12 22:36:24.710  INFO 3362 --- [    Test worker] .s.d.r.c.RepositoryConfigurationDelegate : Finished Spring Data repository scanning in 28ms. Found 0 JDBC repository interfaces.
2020-03-12 22:36:24.722  INFO 3362 --- [    Test worker] .s.d.r.c.RepositoryConfigurationDelegate : Multiple Spring Data modules found, entering strict repository configuration mode!
2020-03-12 22:36:24.723  INFO 3362 --- [    Test worker] .s.d.r.c.RepositoryConfigurationDelegate : Bootstrapping Spring Data JPA repositories in DEFAULT mode.
2020-03-12 22:36:24.753  INFO 3362 --- [    Test worker] .s.d.r.c.RepositoryConfigurationDelegate : Finished Spring Data repository scanning in 25ms. Found 2 JPA repository interfaces.
2020-03-12 22:36:25.259  INFO 3362 --- [    Test worker] o.hibernate.jpa.internal.util.LogHelper  : HHH000204: Processing PersistenceUnitInfo [name: default]
2020-03-12 22:36:25.306  INFO 3362 --- [    Test worker] org.hibernate.Version                    : HHH000412: Hibernate ORM core version 5.4.12.Final
2020-03-12 22:36:25.401  INFO 3362 --- [    Test worker] o.hibernate.annotations.common.Version   : HCANN000001: Hibernate Commons Annotations {5.1.0.Final}
2020-03-12 22:36:25.496  INFO 3362 --- [    Test worker] com.zaxxer.hikari.HikariDataSource       : HikariPool-1 - Starting...
2020-03-12 22:36:25.882  INFO 3362 --- [    Test worker] com.zaxxer.hikari.HikariDataSource       : HikariPool-1 - Start completed.
2020-03-12 22:36:25.906  INFO 3362 --- [    Test worker] org.hibernate.dialect.Dialect            : HHH000400: Using dialect: org.hibernate.dialect.MySQL57Dialect
2020-03-12 22:36:26.498  INFO 3362 --- [    Test worker] o.h.e.t.j.p.i.JtaPlatformInitiator       : HHH000490: Using JtaPlatform implementation: [org.hibernate.engine.transaction.jta.platform.internal.NoJtaPlatform]
2020-03-12 22:36:26.503  INFO 3362 --- [    Test worker] j.LocalContainerEntityManagerFactoryBean : Initialized JPA EntityManagerFactory for persistence unit 'default'
2020-03-12 22:36:26.733  WARN 3362 --- [    Test worker] JpaBaseConfiguration$JpaWebConfiguration : spring.jpa.open-in-view is enabled by default. Therefore, database queries may be performed during view rendering. Explicitly configure spring.jpa.open-in-view to disable this warning
2020-03-12 22:36:27.285  INFO 3362 --- [    Test worker] o.s.s.concurrent.ThreadPoolTaskExecutor  : Initializing ExecutorService 'applicationTaskExecutor'
2020-03-12 22:36:27.716  INFO 3362 --- [    Test worker] c.t.J.JpaAssignment1ApplicationTests     : Started JpaAssignment1ApplicationTests in 3.833 seconds (JVM running for 4.773)
Hibernate: select employee0_.id as id1_0_, employee0_.age as age2_0_, employee0_.location as location3_0_, employee0_.name as name4_0_ from employee employee0_ order by employee0_.age desc limit ?
Hibernate: select count(employee0_.id) as col_0_0_ from employee employee0_
Deepak
Arjun
]]></system-out>
  <system-err><![CDATA[]]></system-err>
</testsuite>
