<?xml version="1.0" encoding="UTF-8"?>
<testsuite name="com.tothenew.JPA_Assignment_2.JpaAssignment2ApplicationTests" tests="1" skipped="0" failures="0" errors="0" timestamp="2020-03-20T09:10:58" hostname="kandy" time="0.134">
  <properties/>
  <testcase name="addEmbedData()" classname="com.tothenew.JPA_Assignment_2.JpaAssignment2ApplicationTests" time="0.134"/>
  <system-out><![CDATA[14:40:54.435 [Test worker] DEBUG org.springframework.test.context.BootstrapUtils - Instantiating CacheAwareContextLoaderDelegate from class [org.springframework.test.context.cache.DefaultCacheAwareContextLoaderDelegate]
14:40:54.446 [Test worker] DEBUG org.springframework.test.context.BootstrapUtils - Instantiating BootstrapContext using constructor [public org.springframework.test.context.support.DefaultBootstrapContext(java.lang.Class,org.springframework.test.context.CacheAwareContextLoaderDelegate)]
14:40:54.478 [Test worker] DEBUG org.springframework.test.context.BootstrapUtils - Instantiating TestContextBootstrapper for test class [com.tothenew.JPA_Assignment_2.JpaAssignment2ApplicationTests] from class [org.springframework.boot.test.context.SpringBootTestContextBootstrapper]
14:40:54.488 [Test worker] INFO org.springframework.boot.test.context.SpringBootTestContextBootstrapper - Neither @ContextConfiguration nor @ContextHierarchy found for test class [com.tothenew.JPA_Assignment_2.JpaAssignment2ApplicationTests], using SpringBootContextLoader
14:40:54.490 [Test worker] DEBUG org.springframework.test.context.support.AbstractContextLoader - Did not detect default resource location for test class [com.tothenew.JPA_Assignment_2.JpaAssignment2ApplicationTests]: class path resource [com/tothenew/JPA_Assignment_2/JpaAssignment2ApplicationTests-context.xml] does not exist
14:40:54.491 [Test worker] DEBUG org.springframework.test.context.support.AbstractContextLoader - Did not detect default resource location for test class [com.tothenew.JPA_Assignment_2.JpaAssignment2ApplicationTests]: class path resource [com/tothenew/JPA_Assignment_2/JpaAssignment2ApplicationTestsContext.groovy] does not exist
14:40:54.491 [Test worker] INFO org.springframework.test.context.support.AbstractContextLoader - Could not detect default resource locations for test class [com.tothenew.JPA_Assignment_2.JpaAssignment2ApplicationTests]: no resource found for suffixes {-context.xml, Context.groovy}.
14:40:54.492 [Test worker] INFO org.springframework.test.context.support.AnnotationConfigContextLoaderUtils - Could not detect default configuration classes for test class [com.tothenew.JPA_Assignment_2.JpaAssignment2ApplicationTests]: JpaAssignment2ApplicationTests does not declare any static, non-private, non-final, nested classes annotated with @Configuration.
14:40:54.514 [Test worker] DEBUG org.springframework.test.context.support.ActiveProfilesUtils - Could not find an 'annotation declaring class' for annotation type [org.springframework.test.context.ActiveProfiles] and class [com.tothenew.JPA_Assignment_2.JpaAssignment2ApplicationTests]
14:40:54.552 [Test worker] DEBUG org.springframework.context.annotation.ClassPathScanningCandidateComponentProvider - Identified candidate component class: file [/home/kandy/IdeaProjects/JPA_Assignment_2/build/classes/java/main/com/tothenew/JPA_Assignment_2/JpaAssignment2Application.class]
14:40:54.553 [Test worker] INFO org.springframework.boot.test.context.SpringBootTestContextBootstrapper - Found @SpringBootConfiguration com.tothenew.JPA_Assignment_2.JpaAssignment2Application for test class com.tothenew.JPA_Assignment_2.JpaAssignment2ApplicationTests
14:40:54.611 [Test worker] DEBUG org.springframework.boot.test.context.SpringBootTestContextBootstrapper - @TestExecutionListeners is not present for class [com.tothenew.JPA_Assignment_2.JpaAssignment2ApplicationTests]: using defaults.
14:40:54.612 [Test worker] INFO org.springframework.boot.test.context.SpringBootTestContextBootstrapper - Loaded default TestExecutionListener class names from location [META-INF/spring.factories]: [org.springframework.boot.test.autoconfigure.restdocs.RestDocsTestExecutionListener, org.springframework.boot.test.autoconfigure.web.client.MockRestServiceServerResetTestExecutionListener, org.springframework.boot.test.autoconfigure.web.servlet.MockMvcPrintOnlyOnFailureTestExecutionListener, org.springframework.boot.test.autoconfigure.web.servlet.WebDriverTestExecutionListener, org.springframework.boot.test.mock.mockito.MockitoTestExecutionListener, org.springframework.boot.test.mock.mockito.ResetMocksTestExecutionListener, org.springframework.test.context.web.ServletTestExecutionListener, org.springframework.test.context.support.DirtiesContextBeforeModesTestExecutionListener, org.springframework.test.context.support.DependencyInjectionTestExecutionListener, org.springframework.test.context.support.DirtiesContextTestExecutionListener, org.springframework.test.context.transaction.TransactionalTestExecutionListener, org.springframework.test.context.jdbc.SqlScriptsTestExecutionListener, org.springframework.test.context.event.EventPublishingTestExecutionListener]
14:40:54.622 [Test worker] INFO org.springframework.boot.test.context.SpringBootTestContextBootstrapper - Using TestExecutionListeners: [org.springframework.test.context.web.ServletTestExecutionListener@5140da3f, org.springframework.test.context.support.DirtiesContextBeforeModesTestExecutionListener@106faa4a, org.springframework.boot.test.mock.mockito.MockitoTestExecutionListener@23e522fe, org.springframework.boot.test.autoconfigure.SpringBootDependencyInjectionTestExecutionListener@19f1afef, org.springframework.test.context.support.DirtiesContextTestExecutionListener@4eb70fcc, org.springframework.test.context.transaction.TransactionalTestExecutionListener@23e7c1aa, org.springframework.test.context.jdbc.SqlScriptsTestExecutionListener@291fe5fa, org.springframework.test.context.event.EventPublishingTestExecutionListener@3d85b9e1, org.springframework.boot.test.autoconfigure.restdocs.RestDocsTestExecutionListener@4bba18f2, org.springframework.boot.test.autoconfigure.web.client.MockRestServiceServerResetTestExecutionListener@564d7abe, org.springframework.boot.test.autoconfigure.web.servlet.MockMvcPrintOnlyOnFailureTestExecutionListener@ab65b8, org.springframework.boot.test.autoconfigure.web.servlet.WebDriverTestExecutionListener@10f19efd, org.springframework.boot.test.mock.mockito.ResetMocksTestExecutionListener@b976999]
14:40:54.624 [Test worker] DEBUG org.springframework.test.context.support.AbstractDirtiesContextTestExecutionListener - Before test class: context [DefaultTestContext@76e2297f testClass = JpaAssignment2ApplicationTests, testInstance = [null], testMethod = [null], testException = [null], mergedContextConfiguration = [WebMergedContextConfiguration@490331a4 testClass = JpaAssignment2ApplicationTests, locations = '{}', classes = '{class com.tothenew.JPA_Assignment_2.JpaAssignment2Application}', contextInitializerClasses = '[]', activeProfiles = '{}', propertySourceLocations = '{}', propertySourceProperties = '{org.springframework.boot.test.context.SpringBootTestContextBootstrapper=true}', contextCustomizers = set[org.springframework.boot.test.autoconfigure.properties.PropertyMappingContextCustomizer@0, org.springframework.boot.test.autoconfigure.web.servlet.WebDriverContextCustomizerFactory$Customizer@5701587c, org.springframework.boot.test.context.filter.ExcludeFilterContextCustomizer@1f342dad, org.springframework.boot.test.json.DuplicateJsonObjectContextCustomizerFactory$DuplicateJsonObjectContextCustomizer@5a0faae2, org.springframework.boot.test.mock.mockito.MockitoContextCustomizer@0, org.springframework.boot.test.web.client.TestRestTemplateContextCustomizer@a1cef86], resourceBasePath = 'src/main/webapp', contextLoader = 'org.springframework.boot.test.context.SpringBootContextLoader', parent = [null]], attributes = map['org.springframework.test.context.web.ServletTestExecutionListener.activateListener' -> true]], class annotated with @DirtiesContext [false] with mode [null].
14:40:54.642 [Test worker] DEBUG org.springframework.test.context.support.TestPropertySourceUtils - Adding inlined properties to environment: {spring.jmx.enabled=false, org.springframework.boot.test.context.SpringBootTestContextBootstrapper=true, server.port=-1}

  .   ____          _            __ _ _
 /\\ / ___'_ __ _ _(_)_ __  __ _ \ \ \ \
( ( )\___ | '_ | '_| | '_ \/ _` | \ \ \ \
 \\/  ___)| |_)| | | | | || (_| |  ) ) ) )
  '  |____| .__|_| |_|_| |_\__, | / / / /
 =========|_|==============|___/=/_/_/_/
 :: Spring Boot ::        (v2.2.5.RELEASE)

2020-03-20 14:40:54.859  INFO 26596 --- [    Test worker] c.t.J.JpaAssignment2ApplicationTests     : Starting JpaAssignment2ApplicationTests on kandy with PID 26596 (started by kandy in /home/kandy/IdeaProjects/JPA_Assignment_2)
2020-03-20 14:40:54.860  INFO 26596 --- [    Test worker] c.t.J.JpaAssignment2ApplicationTests     : No active profile set, falling back to default profiles: default
2020-03-20 14:40:55.444  INFO 26596 --- [    Test worker] .s.d.r.c.RepositoryConfigurationDelegate : Multiple Spring Data modules found, entering strict repository configuration mode!
2020-03-20 14:40:55.445  INFO 26596 --- [    Test worker] .s.d.r.c.RepositoryConfigurationDelegate : Bootstrapping Spring Data JDBC repositories in DEFAULT mode.
2020-03-20 14:40:55.471  INFO 26596 --- [    Test worker] .RepositoryConfigurationExtensionSupport : Spring Data JDBC - Could not safely identify store assignment for repository candidate interface com.tothenew.JPA_Assignment_2.Repositories.EmbededRepository. If you want this repository to be a JDBC repository, consider annotating your entities with one of these annotations: org.springframework.data.relational.core.mapping.Table.
2020-03-20 14:40:55.473  INFO 26596 --- [    Test worker] .RepositoryConfigurationExtensionSupport : Spring Data JDBC - Could not safely identify store assignment for repository candidate interface com.tothenew.JPA_Assignment_2.Repositories.EmployeeRepository. If you want this repository to be a JDBC repository, consider annotating your entities with one of these annotations: org.springframework.data.relational.core.mapping.Table.
2020-03-20 14:40:55.475  INFO 26596 --- [    Test worker] .RepositoryConfigurationExtensionSupport : Spring Data JDBC - Could not safely identify store assignment for repository candidate interface com.tothenew.JPA_Assignment_2.Repositories.InheritanceRepository. If you want this repository to be a JDBC repository, consider annotating your entities with one of these annotations: org.springframework.data.relational.core.mapping.Table.
2020-03-20 14:40:55.475  INFO 26596 --- [    Test worker] .s.d.r.c.RepositoryConfigurationDelegate : Finished Spring Data repository scanning in 26ms. Found 0 JDBC repository interfaces.
2020-03-20 14:40:55.483  INFO 26596 --- [    Test worker] .s.d.r.c.RepositoryConfigurationDelegate : Multiple Spring Data modules found, entering strict repository configuration mode!
2020-03-20 14:40:55.484  INFO 26596 --- [    Test worker] .s.d.r.c.RepositoryConfigurationDelegate : Bootstrapping Spring Data JPA repositories in DEFAULT mode.
2020-03-20 14:40:55.520  INFO 26596 --- [    Test worker] .s.d.r.c.RepositoryConfigurationDelegate : Finished Spring Data repository scanning in 32ms. Found 3 JPA repository interfaces.
2020-03-20 14:40:56.000  INFO 26596 --- [    Test worker] o.hibernate.jpa.internal.util.LogHelper  : HHH000204: Processing PersistenceUnitInfo [name: default]
2020-03-20 14:40:56.045  INFO 26596 --- [    Test worker] org.hibernate.Version                    : HHH000412: Hibernate ORM core version 5.4.12.Final
2020-03-20 14:40:56.140  INFO 26596 --- [    Test worker] o.hibernate.annotations.common.Version   : HCANN000001: Hibernate Commons Annotations {5.1.0.Final}
2020-03-20 14:40:56.232  INFO 26596 --- [    Test worker] com.zaxxer.hikari.HikariDataSource       : HikariPool-1 - Starting...
2020-03-20 14:40:56.602  INFO 26596 --- [    Test worker] com.zaxxer.hikari.HikariDataSource       : HikariPool-1 - Start completed.
2020-03-20 14:40:56.619  INFO 26596 --- [    Test worker] org.hibernate.dialect.Dialect            : HHH000400: Using dialect: org.hibernate.dialect.MySQL5InnoDBDialect
2020-03-20 14:40:57.333  INFO 26596 --- [    Test worker] o.h.e.t.j.p.i.JtaPlatformInitiator       : HHH000490: Using JtaPlatform implementation: [org.hibernate.engine.transaction.jta.platform.internal.NoJtaPlatform]
2020-03-20 14:40:57.338  INFO 26596 --- [    Test worker] j.LocalContainerEntityManagerFactoryBean : Initialized JPA EntityManagerFactory for persistence unit 'default'
2020-03-20 14:40:57.509  WARN 26596 --- [    Test worker] JpaBaseConfiguration$JpaWebConfiguration : spring.jpa.open-in-view is enabled by default. Therefore, database queries may be performed during view rendering. Explicitly configure spring.jpa.open-in-view to disable this warning
2020-03-20 14:40:58.017  INFO 26596 --- [    Test worker] o.s.s.concurrent.ThreadPoolTaskExecutor  : Initializing ExecutorService 'applicationTaskExecutor'
2020-03-20 14:40:58.386  INFO 26596 --- [    Test worker] c.t.J.JpaAssignment2ApplicationTests     : Started JpaAssignment2ApplicationTests in 3.738 seconds (JVM running for 4.566)
]]></system-out>
  <system-err><![CDATA[]]></system-err>
</testsuite>
