<?xml version="1.0" encoding="UTF-8"?>
<testsuite name="com.tothenew.springFrameworkAssignment.springFrameworkAssignment.SpringFrameworkAssignmentApplicationTests" tests="1" skipped="0" failures="0" errors="0" timestamp="2020-03-03T16:56:52" hostname="kandy" time="0.098">
  <properties/>
  <testcase name="contextLoads()" classname="com.tothenew.springFrameworkAssignment.springFrameworkAssignment.SpringFrameworkAssignmentApplicationTests" time="0.098"/>
  <system-out><![CDATA[22:26:51.476 [Test worker] DEBUG org.springframework.test.context.BootstrapUtils - Instantiating CacheAwareContextLoaderDelegate from class [org.springframework.test.context.cache.DefaultCacheAwareContextLoaderDelegate]
22:26:51.485 [Test worker] DEBUG org.springframework.test.context.BootstrapUtils - Instantiating BootstrapContext using constructor [public org.springframework.test.context.support.DefaultBootstrapContext(java.lang.Class,org.springframework.test.context.CacheAwareContextLoaderDelegate)]
22:26:51.502 [Test worker] DEBUG org.springframework.test.context.BootstrapUtils - Instantiating TestContextBootstrapper for test class [com.tothenew.springFrameworkAssignment.springFrameworkAssignment.SpringFrameworkAssignmentApplicationTests] from class [org.springframework.boot.test.context.SpringBootTestContextBootstrapper]
22:26:51.513 [Test worker] INFO org.springframework.boot.test.context.SpringBootTestContextBootstrapper - Neither @ContextConfiguration nor @ContextHierarchy found for test class [com.tothenew.springFrameworkAssignment.springFrameworkAssignment.SpringFrameworkAssignmentApplicationTests], using SpringBootContextLoader
22:26:51.516 [Test worker] DEBUG org.springframework.test.context.support.AbstractContextLoader - Did not detect default resource location for test class [com.tothenew.springFrameworkAssignment.springFrameworkAssignment.SpringFrameworkAssignmentApplicationTests]: class path resource [com/tothenew/springFrameworkAssignment/springFrameworkAssignment/SpringFrameworkAssignmentApplicationTests-context.xml] does not exist
22:26:51.516 [Test worker] DEBUG org.springframework.test.context.support.AbstractContextLoader - Did not detect default resource location for test class [com.tothenew.springFrameworkAssignment.springFrameworkAssignment.SpringFrameworkAssignmentApplicationTests]: class path resource [com/tothenew/springFrameworkAssignment/springFrameworkAssignment/SpringFrameworkAssignmentApplicationTestsContext.groovy] does not exist
22:26:51.516 [Test worker] INFO org.springframework.test.context.support.AbstractContextLoader - Could not detect default resource locations for test class [com.tothenew.springFrameworkAssignment.springFrameworkAssignment.SpringFrameworkAssignmentApplicationTests]: no resource found for suffixes {-context.xml, Context.groovy}.
22:26:51.517 [Test worker] INFO org.springframework.test.context.support.AnnotationConfigContextLoaderUtils - Could not detect default configuration classes for test class [com.tothenew.springFrameworkAssignment.springFrameworkAssignment.SpringFrameworkAssignmentApplicationTests]: SpringFrameworkAssignmentApplicationTests does not declare any static, non-private, non-final, nested classes annotated with @Configuration.
22:26:51.538 [Test worker] DEBUG org.springframework.test.context.support.ActiveProfilesUtils - Could not find an 'annotation declaring class' for annotation type [org.springframework.test.context.ActiveProfiles] and class [com.tothenew.springFrameworkAssignment.springFrameworkAssignment.SpringFrameworkAssignmentApplicationTests]
22:26:51.582 [Test worker] DEBUG org.springframework.context.annotation.ClassPathScanningCandidateComponentProvider - Identified candidate component class: file [/home/kandy/IdeaProjects/springFrameworkAssignment/build/classes/java/main/com/tothenew/springFrameworkAssignment/springFrameworkAssignment/SpringFrameworkAssignmentApplication.class]
22:26:51.583 [Test worker] INFO org.springframework.boot.test.context.SpringBootTestContextBootstrapper - Found @SpringBootConfiguration com.tothenew.springFrameworkAssignment.springFrameworkAssignment.SpringFrameworkAssignmentApplication for test class com.tothenew.springFrameworkAssignment.springFrameworkAssignment.SpringFrameworkAssignmentApplicationTests
22:26:51.649 [Test worker] DEBUG org.springframework.boot.test.context.SpringBootTestContextBootstrapper - @TestExecutionListeners is not present for class [com.tothenew.springFrameworkAssignment.springFrameworkAssignment.SpringFrameworkAssignmentApplicationTests]: using defaults.
22:26:51.650 [Test worker] INFO org.springframework.boot.test.context.SpringBootTestContextBootstrapper - Loaded default TestExecutionListener class names from location [META-INF/spring.factories]: [org.springframework.boot.test.autoconfigure.restdocs.RestDocsTestExecutionListener, org.springframework.boot.test.autoconfigure.web.client.MockRestServiceServerResetTestExecutionListener, org.springframework.boot.test.autoconfigure.web.servlet.MockMvcPrintOnlyOnFailureTestExecutionListener, org.springframework.boot.test.autoconfigure.web.servlet.WebDriverTestExecutionListener, org.springframework.boot.test.mock.mockito.MockitoTestExecutionListener, org.springframework.boot.test.mock.mockito.ResetMocksTestExecutionListener, org.springframework.test.context.web.ServletTestExecutionListener, org.springframework.test.context.support.DirtiesContextBeforeModesTestExecutionListener, org.springframework.test.context.support.DependencyInjectionTestExecutionListener, org.springframework.test.context.support.DirtiesContextTestExecutionListener, org.springframework.test.context.transaction.TransactionalTestExecutionListener, org.springframework.test.context.jdbc.SqlScriptsTestExecutionListener, org.springframework.test.context.event.EventPublishingTestExecutionListener]
22:26:51.656 [Test worker] DEBUG org.springframework.boot.test.context.SpringBootTestContextBootstrapper - Skipping candidate TestExecutionListener [org.springframework.test.context.web.ServletTestExecutionListener] due to a missing dependency. Specify custom listener classes or make the default listener classes and their required dependencies available. Offending class: [javax/servlet/ServletContext]
22:26:51.658 [Test worker] DEBUG org.springframework.boot.test.context.SpringBootTestContextBootstrapper - Skipping candidate TestExecutionListener [org.springframework.test.context.transaction.TransactionalTestExecutionListener] due to a missing dependency. Specify custom listener classes or make the default listener classes and their required dependencies available. Offending class: [org/springframework/transaction/TransactionDefinition]
22:26:51.659 [Test worker] DEBUG org.springframework.boot.test.context.SpringBootTestContextBootstrapper - Skipping candidate TestExecutionListener [org.springframework.test.context.jdbc.SqlScriptsTestExecutionListener] due to a missing dependency. Specify custom listener classes or make the default listener classes and their required dependencies available. Offending class: [org/springframework/transaction/interceptor/TransactionAttribute]
22:26:51.659 [Test worker] INFO org.springframework.boot.test.context.SpringBootTestContextBootstrapper - Using TestExecutionListeners: [org.springframework.test.context.support.DirtiesContextBeforeModesTestExecutionListener@64590713, org.springframework.boot.test.mock.mockito.MockitoTestExecutionListener@31b4e87c, org.springframework.boot.test.autoconfigure.SpringBootDependencyInjectionTestExecutionListener@5e3cff98, org.springframework.test.context.support.DirtiesContextTestExecutionListener@e92f2b1, org.springframework.test.context.event.EventPublishingTestExecutionListener@22df1def, org.springframework.boot.test.autoconfigure.restdocs.RestDocsTestExecutionListener@34bef6c0, org.springframework.boot.test.autoconfigure.web.client.MockRestServiceServerResetTestExecutionListener@dc70ff0, org.springframework.boot.test.autoconfigure.web.servlet.MockMvcPrintOnlyOnFailureTestExecutionListener@14d96383, org.springframework.boot.test.autoconfigure.web.servlet.WebDriverTestExecutionListener@4eb32492, org.springframework.boot.test.mock.mockito.ResetMocksTestExecutionListener@d78c372]
22:26:51.663 [Test worker] DEBUG org.springframework.test.context.support.AbstractDirtiesContextTestExecutionListener - Before test class: context [DefaultTestContext@6d9c22fb testClass = SpringFrameworkAssignmentApplicationTests, testInstance = [null], testMethod = [null], testException = [null], mergedContextConfiguration = [MergedContextConfiguration@6682acfa testClass = SpringFrameworkAssignmentApplicationTests, locations = '{}', classes = '{class com.tothenew.springFrameworkAssignment.springFrameworkAssignment.SpringFrameworkAssignmentApplication}', contextInitializerClasses = '[]', activeProfiles = '{}', propertySourceLocations = '{}', propertySourceProperties = '{org.springframework.boot.test.context.SpringBootTestContextBootstrapper=true}', contextCustomizers = set[org.springframework.boot.test.autoconfigure.properties.PropertyMappingContextCustomizer@0, org.springframework.boot.test.autoconfigure.web.servlet.WebDriverContextCustomizerFactory$Customizer@4da13c51, org.springframework.boot.test.context.filter.ExcludeFilterContextCustomizer@4d12c176, org.springframework.boot.test.json.DuplicateJsonObjectContextCustomizerFactory$DuplicateJsonObjectContextCustomizer@4a68e063, org.springframework.boot.test.mock.mockito.MockitoContextCustomizer@0, org.springframework.boot.test.web.client.TestRestTemplateContextCustomizer@4353843a], contextLoader = 'org.springframework.boot.test.context.SpringBootContextLoader', parent = [null]], attributes = map[[empty]]], class annotated with @DirtiesContext [false] with mode [null].
22:26:51.672 [Test worker] DEBUG org.springframework.test.context.support.DependencyInjectionTestExecutionListener - Performing dependency injection for test context [[DefaultTestContext@6d9c22fb testClass = SpringFrameworkAssignmentApplicationTests, testInstance = com.tothenew.springFrameworkAssignment.springFrameworkAssignment.SpringFrameworkAssignmentApplicationTests@7758930c, testMethod = [null], testException = [null], mergedContextConfiguration = [MergedContextConfiguration@6682acfa testClass = SpringFrameworkAssignmentApplicationTests, locations = '{}', classes = '{class com.tothenew.springFrameworkAssignment.springFrameworkAssignment.SpringFrameworkAssignmentApplication}', contextInitializerClasses = '[]', activeProfiles = '{}', propertySourceLocations = '{}', propertySourceProperties = '{org.springframework.boot.test.context.SpringBootTestContextBootstrapper=true}', contextCustomizers = set[org.springframework.boot.test.autoconfigure.properties.PropertyMappingContextCustomizer@0, org.springframework.boot.test.autoconfigure.web.servlet.WebDriverContextCustomizerFactory$Customizer@4da13c51, org.springframework.boot.test.context.filter.ExcludeFilterContextCustomizer@4d12c176, org.springframework.boot.test.json.DuplicateJsonObjectContextCustomizerFactory$DuplicateJsonObjectContextCustomizer@4a68e063, org.springframework.boot.test.mock.mockito.MockitoContextCustomizer@0, org.springframework.boot.test.web.client.TestRestTemplateContextCustomizer@4353843a], contextLoader = 'org.springframework.boot.test.context.SpringBootContextLoader', parent = [null]], attributes = map[[empty]]]].
22:26:51.685 [Test worker] DEBUG org.springframework.test.context.support.TestPropertySourceUtils - Adding inlined properties to environment: {spring.jmx.enabled=false, org.springframework.boot.test.context.SpringBootTestContextBootstrapper=true, server.port=-1}

  .   ____          _            __ _ _
 /\\ / ___'_ __ _ _(_)_ __  __ _ \ \ \ \
( ( )\___ | '_ | '_| | '_ \/ _` | \ \ \ \
 \\/  ___)| |_)| | | | | || (_| |  ) ) ) )
  '  |____| .__|_| |_|_| |_\__, | / / / /
 =========|_|==============|___/=/_/_/_/
 :: Spring Boot ::        (v2.2.5.RELEASE)

2020-03-03 22:26:51.816  INFO 20021 --- [    Test worker] pringFrameworkAssignmentApplicationTests : Starting SpringFrameworkAssignmentApplicationTests on kandy with PID 20021 (started by kandy in /home/kandy/IdeaProjects/springFrameworkAssignment)
2020-03-03 22:26:51.817  INFO 20021 --- [    Test worker] pringFrameworkAssignmentApplicationTests : No active profile set, falling back to default profiles: default
2020-03-03 22:26:52.124  INFO 20021 --- [    Test worker] pringFrameworkAssignmentApplicationTests : Started SpringFrameworkAssignmentApplicationTests in 0.437 seconds (JVM running for 1.122)
]]></system-out>
  <system-err><![CDATA[]]></system-err>
</testsuite>
